Performing C SOURCE FILE Test HAVE_THREAD_LOCAL_STORAGE failed with the following output:
Change Dir: /home/yuan/fuel_ws/src/nlopt/build/CMakeFiles/CMakeTmp

Run Build Command(s):/usr/bin/make cmTC_b6819/fast && /usr/bin/make -f CMakeFiles/cmTC_b6819.dir/build.make CMakeFiles/cmTC_b6819.dir/build
make[1]: 进入目录“/home/yuan/fuel_ws/src/nlopt/build/CMakeFiles/CMakeTmp”
Building C object CMakeFiles/cmTC_b6819.dir/src.c.o
/usr/bin/cc   -DHAVE_THREAD_LOCAL_STORAGE   -o CMakeFiles/cmTC_b6819.dir/src.c.o   -c /home/yuan/fuel_ws/src/nlopt/build/CMakeFiles/CMakeTmp/src.c
/home/yuan/fuel_ws/src/nlopt/build/CMakeFiles/CMakeTmp/src.c:2:5: warning: return type defaults to ‘int’ [-Wimplicit-int]
    2 |     __declspec(thread) int tls;
      |     ^~~~~~~~~~
/home/yuan/fuel_ws/src/nlopt/build/CMakeFiles/CMakeTmp/src.c: In function ‘__declspec’:
/home/yuan/fuel_ws/src/nlopt/build/CMakeFiles/CMakeTmp/src.c:4:20: error: expected ‘=’, ‘,’, ‘;’, ‘asm’ or ‘__attribute__’ before ‘{’ token
    4 |     int main(void) {
      |                    ^
/home/yuan/fuel_ws/src/nlopt/build/CMakeFiles/CMakeTmp/src.c:2:5: warning: type of ‘thread’ defaults to ‘int’ [-Wimplicit-int]
    2 |     __declspec(thread) int tls;
      |     ^~~~~~~~~~
/home/yuan/fuel_ws/src/nlopt/build/CMakeFiles/CMakeTmp/src.c:2:28: error: declaration for parameter ‘tls’ but no such parameter
    2 |     __declspec(thread) int tls;
      |                            ^~~
/home/yuan/fuel_ws/src/nlopt/build/CMakeFiles/CMakeTmp/src.c:6: error: expected ‘{’ at end of input
    6 |     }
      | 
make[1]: *** [CMakeFiles/cmTC_b6819.dir/build.make:66：CMakeFiles/cmTC_b6819.dir/src.c.o] 错误 1
make[1]: 离开目录“/home/yuan/fuel_ws/src/nlopt/build/CMakeFiles/CMakeTmp”
make: *** [Makefile:121：cmTC_b6819/fast] 错误 2


Source file was:

    __declspec(thread) int tls;

    int main(void) {
        return 0;
    }
